Build started 6/8/2014 8:50:39 PM.
     1>Project "C:\Users\Moogooloo\documents\visual studio 2013\Projects\Lolie\Lolie\Lolie.vcxproj" on node 2 (Build target(s)).
     1>ClCompile:
         D:\Storage's Program Files\Microsoft Visual Studio 12.0\VC\bin\CL.exe /c /IC:\DEVELOPMENT\freeglut\include /I"C:\DEVELOPMENT\glew-1.10.0\include" /I"C:\DEVELOPMENT\SDL2-2.0.3\include" /ZI /nologo /W3 /WX- /sdl /Od /Oy- /D _MBCS /Gm /EHsc /RTC1 /MDd /GS /fp:precise /Zc:wchar_t /Zc:forScope /Fo"Debug\\" /Fd"Debug\vc120.pdb" /Gd /TP /analyze- /errorReport:prompt Audio.cpp
         Audio.cpp
       Link:
         D:\Storage's Program Files\Microsoft Visual Studio 12.0\VC\bin\link.exe /ERRORREPORT:PROMPT /OUT:"C:\Users\Moogooloo\documents\visual studio 2013\Projects\Lolie\Debug\Lolie.exe" /INCREMENTAL /NOLOGO /LIBPATH:C:\DEVELOPMENT\freeglut\lib /LIBPATH:"C:\DEVELOPMENT\glew-1.10.0\lib\Release\Win32" /LIBPATH:"C:\DEVELOPMENT\SDL2-2.0.3\lib\x86" glew32.lib freeglut.lib SDL2.lib SDL2main.lib SDL2_mixer.lib opengl32.lib glu32.lib kernel32.lib user32.lib gdi32.lib winspool.lib comdlg32.lib advapi32.lib shell32.lib ole32.lib oleaut32.lib uuid.lib odbc32.lib odbccp32.lib /MANIFEST /MANIFESTUAC:"level='asInvoker' uiAccess='false'" /manifest:embed /DEBUG /PDB:"C:\Users\Moogooloo\documents\visual studio 2013\Projects\Lolie\Debug\Lolie.pdb" /SUBSYSTEM:CONSOLE /TLBID:1 /DYNAMICBASE /NXCOMPAT /IMPLIB:"C:\Users\Moogooloo\documents\visual studio 2013\Projects\Lolie\Debug\Lolie.lib" /MACHINE:X86 Debug\Audio.obj
         Debug\Ball.obj
         Debug\Boundary.obj
         Debug\Camera.obj
         Debug\CircleCollider.obj
         Debug\Course.obj
         Debug\Cup.obj
         Debug\FileParser.obj
         Debug\GameInfo.obj
         Debug\HUD.obj
         Debug\Level.obj
         Debug\LevelCreator.obj
         Debug\LineCollider.obj
         Debug\main.obj
         Debug\SceneNode.obj
         Debug\PhysicsManager.obj
         Debug\Tee.obj
         Debug\Tile.obj
         Debug\utility.obj
         Lolie.vcxproj -> C:\Users\Moogooloo\documents\visual studio 2013\Projects\Lolie\Debug\Lolie.exe
     1>Done Building Project "C:\Users\Moogooloo\documents\visual studio 2013\Projects\Lolie\Lolie\Lolie.vcxproj" (Build target(s)).

Build succeeded.

Time Elapsed 00:00:00.51
