c:\users\moogooloo\documents\visual studio 2013\projects\lolie\lolie\debug\vc120.pdb
c:\users\moogooloo\documents\visual studio 2013\projects\lolie\lolie\debug\vc120.idb
c:\users\moogooloo\documents\visual studio 2013\projects\lolie\lolie\debug\ball.obj
c:\users\moogooloo\documents\visual studio 2013\projects\lolie\lolie\debug\boundary.obj
c:\users\moogooloo\documents\visual studio 2013\projects\lolie\lolie\debug\camera.obj
c:\users\moogooloo\documents\visual studio 2013\projects\lolie\lolie\debug\circlecollider.obj
c:\users\moogooloo\documents\visual studio 2013\projects\lolie\lolie\debug\course.obj
c:\users\moogooloo\documents\visual studio 2013\projects\lolie\lolie\debug\cup.obj
c:\users\moogooloo\documents\visual studio 2013\projects\lolie\lolie\debug\fileparser.obj
c:\users\moogooloo\documents\visual studio 2013\projects\lolie\lolie\debug\gameinfo.obj
c:\users\moogooloo\documents\visual studio 2013\projects\lolie\lolie\debug\hud.obj
c:\users\moogooloo\documents\visual studio 2013\projects\lolie\lolie\debug\level.obj
c:\users\moogooloo\documents\visual studio 2013\projects\lolie\lolie\debug\levelcreator.obj
c:\users\moogooloo\documents\visual studio 2013\projects\lolie\lolie\debug\linecollider.obj
c:\users\moogooloo\documents\visual studio 2013\projects\lolie\lolie\debug\main.obj
c:\users\moogooloo\documents\visual studio 2013\projects\lolie\lolie\debug\scenenode.obj
c:\users\moogooloo\documents\visual studio 2013\projects\lolie\lolie\debug\physicsmanager.obj
c:\users\moogooloo\documents\visual studio 2013\projects\lolie\lolie\debug\tee.obj
c:\users\moogooloo\documents\visual studio 2013\projects\lolie\lolie\debug\tile.obj
c:\users\moogooloo\documents\visual studio 2013\projects\lolie\lolie\debug\utility.obj
c:\users\moogooloo\documents\visual studio 2013\projects\lolie\lolie\debug\audio.obj
c:\users\moogooloo\documents\visual studio 2013\projects\lolie\debug\lolie.ilk
c:\users\moogooloo\documents\visual studio 2013\projects\lolie\debug\lolie.exe
c:\users\moogooloo\documents\visual studio 2013\projects\lolie\debug\lolie.pdb
c:\users\moogooloo\documents\visual studio 2013\projects\lolie\lolie\debug\lolie.tlog\cl.command.1.tlog
c:\users\moogooloo\documents\visual studio 2013\projects\lolie\lolie\debug\lolie.tlog\cl.read.1.tlog
c:\users\moogooloo\documents\visual studio 2013\projects\lolie\lolie\debug\lolie.tlog\cl.write.1.tlog
c:\users\moogooloo\documents\visual studio 2013\projects\lolie\lolie\debug\lolie.tlog\link-cvtres.read.1.tlog
c:\users\moogooloo\documents\visual studio 2013\projects\lolie\lolie\debug\lolie.tlog\link-cvtres.write.1.tlog
c:\users\moogooloo\documents\visual studio 2013\projects\lolie\lolie\debug\lolie.tlog\link-rc.read.1.tlog
c:\users\moogooloo\documents\visual studio 2013\projects\lolie\lolie\debug\lolie.tlog\link-rc.write.1.tlog
c:\users\moogooloo\documents\visual studio 2013\projects\lolie\lolie\debug\lolie.tlog\link.3124-cvtres.read.1.tlog
c:\users\moogooloo\documents\visual studio 2013\projects\lolie\lolie\debug\lolie.tlog\link.3124-cvtres.write.1.tlog
c:\users\moogooloo\documents\visual studio 2013\projects\lolie\lolie\debug\lolie.tlog\link.3124-rc.read.1.tlog
c:\users\moogooloo\documents\visual studio 2013\projects\lolie\lolie\debug\lolie.tlog\link.3124-rc.write.1.tlog
c:\users\moogooloo\documents\visual studio 2013\projects\lolie\lolie\debug\lolie.tlog\link.3124.read.1.tlog
c:\users\moogooloo\documents\visual studio 2013\projects\lolie\lolie\debug\lolie.tlog\link.3124.write.1.tlog
c:\users\moogooloo\documents\visual studio 2013\projects\lolie\lolie\debug\lolie.tlog\link.command.1.tlog
c:\users\moogooloo\documents\visual studio 2013\projects\lolie\lolie\debug\lolie.tlog\link.read.1.tlog
c:\users\moogooloo\documents\visual studio 2013\projects\lolie\lolie\debug\lolie.tlog\link.write.1.tlog
